<?xml version="1.0" encoding="UTF-8"?>
<!-- Generated by org.testng.reporters.JUnitReportReporter -->
<testsuite hostname="GT0022" failures="0" tests="1" name="com.userregistration.testscript.TestScenario01" time="19.231" errors="0" timestamp="2024-05-09T11:23:29 IST" skipped="0">
  <testcase classname="com.userregistration.testscript.TestScenario01" name="userRegistrationTest" time="19.231"/>
  <system-out/>
</testsuite> <!-- com.userregistration.testscript.TestScenario01 -->
